[2019-05-12 10:56:00.949] [renderer1] [error] Unable to move/copy when source path is equal or parent of target path: Error: Unable to move/copy when source path is equal or parent of target path
    at p.<anonymous> (file:///snap/code/6/usr/share/code/resources/app/out/vs/workbench/workbench.main.js:3389:964)
    at Generator.next (<anonymous>)
    at file:///snap/code/6/usr/share/code/resources/app/out/vs/workbench/workbench.main.js:32:460
    at new Promise (<anonymous>)
    at n (file:///snap/code/6/usr/share/code/resources/app/out/vs/workbench/workbench.main.js:32:237)
    at p.doValidateMoveCopy (file:///snap/code/6/usr/share/code/resources/app/out/vs/workbench/workbench.main.js:3389:801)
    at p.<anonymous> (file:///snap/code/6/usr/share/code/resources/app/out/vs/workbench/workbench.main.js:3388:193)
    at Generator.next (<anonymous>)
    at file:///snap/code/6/usr/share/code/resources/app/out/vs/workbench/workbench.main.js:32:460
    at new Promise (<anonymous>)
    at n (file:///snap/code/6/usr/share/code/resources/app/out/vs/workbench/workbench.main.js:32:237)
    at p.doMoveCopy (file:///snap/code/6/usr/share/code/resources/app/out/vs/workbench/workbench.main.js:3388:118)
    at p.<anonymous> (file:///snap/code/6/usr/share/code/resources/app/out/vs/workbench/workbench.main.js:3387:540)
    at Generator.next (<anonymous>)
    at r (file:///snap/code/6/usr/share/code/resources/app/out/vs/workbench/workbench.main.js:32:293)
    at process._tickCallback (internal/process/next_tick.js:68:7)
[2019-05-12 11:47:56.489] [renderer1] [error] Unable to move/copy when source path is equal or parent of target path: Error: Unable to move/copy when source path is equal or parent of target path
    at p.<anonymous> (file:///snap/code/6/usr/share/code/resources/app/out/vs/workbench/workbench.main.js:3389:964)
    at Generator.next (<anonymous>)
    at file:///snap/code/6/usr/share/code/resources/app/out/vs/workbench/workbench.main.js:32:460
    at new Promise (<anonymous>)
    at n (file:///snap/code/6/usr/share/code/resources/app/out/vs/workbench/workbench.main.js:32:237)
    at p.doValidateMoveCopy (file:///snap/code/6/usr/share/code/resources/app/out/vs/workbench/workbench.main.js:3389:801)
    at p.<anonymous> (file:///snap/code/6/usr/share/code/resources/app/out/vs/workbench/workbench.main.js:3388:193)
    at Generator.next (<anonymous>)
    at file:///snap/code/6/usr/share/code/resources/app/out/vs/workbench/workbench.main.js:32:460
    at new Promise (<anonymous>)
    at n (file:///snap/code/6/usr/share/code/resources/app/out/vs/workbench/workbench.main.js:32:237)
    at p.doMoveCopy (file:///snap/code/6/usr/share/code/resources/app/out/vs/workbench/workbench.main.js:3388:118)
    at p.<anonymous> (file:///snap/code/6/usr/share/code/resources/app/out/vs/workbench/workbench.main.js:3387:540)
    at Generator.next (<anonymous>)
    at r (file:///snap/code/6/usr/share/code/resources/app/out/vs/workbench/workbench.main.js:32:293)
    at process._tickCallback (internal/process/next_tick.js:68:7)
