[2019-05-12 15:54:10.994] [exthost] [info] extension host started
[2019-05-12 15:54:11.035] [exthost] [info] ExtensionService#_doActivateExtension vscode.php-language-features {"startup":false,"activationEvent":"onLanguage:php"}
[2019-05-12 15:54:11.035] [exthost] [info] ExtensionService#loadCommonJSModule /snap/code/6/usr/share/code/resources/app/extensions/php-language-features/dist/phpMain
[2019-05-12 15:54:11.101] [exthost] [info] ExtensionService#_doActivateExtension vscode.debug-auto-launch {"startup":true,"activationEvent":"*"}
[2019-05-12 15:54:11.101] [exthost] [info] ExtensionService#loadCommonJSModule /snap/code/6/usr/share/code/resources/app/extensions/debug-auto-launch/dist/extension
[2019-05-12 15:54:11.107] [exthost] [info] ExtensionService#_doActivateExtension vscode.emmet {"startup":true,"activationEvent":"*"}
[2019-05-12 15:54:11.107] [exthost] [info] ExtensionService#loadCommonJSModule /snap/code/6/usr/share/code/resources/app/extensions/emmet/dist/extension
[2019-05-12 15:54:11.126] [exthost] [info] ExtensionService#_doActivateExtension vscode.git {"startup":true,"activationEvent":"*"}
[2019-05-12 15:54:11.126] [exthost] [info] ExtensionService#loadCommonJSModule /snap/code/6/usr/share/code/resources/app/extensions/git/dist/main
[2019-05-12 15:54:11.226] [exthost] [info] ExtensionService#_doActivateExtension vscode.merge-conflict {"startup":true,"activationEvent":"*"}
[2019-05-12 15:54:11.226] [exthost] [info] ExtensionService#loadCommonJSModule /snap/code/6/usr/share/code/resources/app/extensions/merge-conflict/dist/extension
[2019-05-12 15:54:11.230] [exthost] [info] ExtensionService#_doActivateExtension formulahendry.terminal {"startup":true,"activationEvent":"*"}
[2019-05-12 15:54:11.230] [exthost] [info] ExtensionService#loadCommonJSModule /home/serge/.vscode/extensions/formulahendry.terminal-0.0.10/out/src/extension
[2019-05-12 15:54:11.244] [exthost] [info] ExtensionService#_doActivateExtension ritwickdey.LiveServer {"startup":true,"activationEvent":"*"}
[2019-05-12 15:54:11.244] [exthost] [info] ExtensionService#loadCommonJSModule /home/serge/.vscode/extensions/ritwickdey.liveserver-5.6.1/out/src/extension
[2019-05-12 15:54:12.116] [exthost] [info] eager extensions activated
[2019-05-12 20:41:09.945] [exthost] [info] ExtensionService#_doActivateExtension vscode.css-language-features {"startup":false,"activationEvent":"onLanguage:css"}
[2019-05-12 20:41:09.945] [exthost] [info] ExtensionService#loadCommonJSModule /snap/code/6/usr/share/code/resources/app/extensions/css-language-features/client/dist/cssMain
[2019-05-12 20:43:33.053] [exthost] [info] ExtensionService#_doActivateExtension vscode.html-language-features {"startup":false,"activationEvent":"onLanguage:html"}
[2019-05-12 20:43:33.053] [exthost] [info] ExtensionService#loadCommonJSModule /snap/code/6/usr/share/code/resources/app/extensions/html-language-features/client/dist/htmlMain
