[2019-05-12 04:34:36.256] [exthost] [info] extension host started
[2019-05-12 04:34:36.296] [exthost] [info] ExtensionService#_doActivateExtension vscode.debug-auto-launch {"startup":true,"activationEvent":"*"}
[2019-05-12 04:34:36.296] [exthost] [info] ExtensionService#loadCommonJSModule /snap/code/6/usr/share/code/resources/app/extensions/debug-auto-launch/dist/extension
[2019-05-12 04:34:36.303] [exthost] [info] ExtensionService#_doActivateExtension vscode.emmet {"startup":true,"activationEvent":"*"}
[2019-05-12 04:34:36.303] [exthost] [info] ExtensionService#loadCommonJSModule /snap/code/6/usr/share/code/resources/app/extensions/emmet/dist/extension
[2019-05-12 04:34:36.322] [exthost] [info] ExtensionService#_doActivateExtension vscode.git {"startup":true,"activationEvent":"*"}
[2019-05-12 04:34:36.322] [exthost] [info] ExtensionService#loadCommonJSModule /snap/code/6/usr/share/code/resources/app/extensions/git/dist/main
[2019-05-12 04:34:36.443] [exthost] [info] ExtensionService#_doActivateExtension vscode.merge-conflict {"startup":true,"activationEvent":"*"}
[2019-05-12 04:34:36.443] [exthost] [info] ExtensionService#loadCommonJSModule /snap/code/6/usr/share/code/resources/app/extensions/merge-conflict/dist/extension
[2019-05-12 04:34:36.453] [exthost] [info] ExtensionService#_doActivateExtension formulahendry.terminal {"startup":true,"activationEvent":"*"}
[2019-05-12 04:34:36.453] [exthost] [info] ExtensionService#loadCommonJSModule /home/serge/.vscode/extensions/formulahendry.terminal-0.0.10/out/src/extension
[2019-05-12 04:34:36.471] [exthost] [info] ExtensionService#_doActivateExtension ritwickdey.LiveServer {"startup":true,"activationEvent":"*"}
[2019-05-12 04:34:36.471] [exthost] [info] ExtensionService#loadCommonJSModule /home/serge/.vscode/extensions/ritwickdey.liveserver-5.6.1/out/src/extension
[2019-05-12 04:34:36.736] [exthost] [info] eager extensions activated
[2019-05-12 04:36:07.712] [exthost] [info] extension host started
[2019-05-12 04:36:07.738] [exthost] [info] ExtensionService#_doActivateExtension vscode.debug-auto-launch {"startup":true,"activationEvent":"*"}
[2019-05-12 04:36:07.738] [exthost] [info] ExtensionService#loadCommonJSModule /snap/code/6/usr/share/code/resources/app/extensions/debug-auto-launch/dist/extension
[2019-05-12 04:36:07.742] [exthost] [info] ExtensionService#_doActivateExtension vscode.emmet {"startup":true,"activationEvent":"*"}
[2019-05-12 04:36:07.742] [exthost] [info] ExtensionService#loadCommonJSModule /snap/code/6/usr/share/code/resources/app/extensions/emmet/dist/extension
[2019-05-12 04:36:07.758] [exthost] [info] ExtensionService#_doActivateExtension vscode.git {"startup":true,"activationEvent":"*"}
[2019-05-12 04:36:07.758] [exthost] [info] ExtensionService#loadCommonJSModule /snap/code/6/usr/share/code/resources/app/extensions/git/dist/main
[2019-05-12 04:36:07.882] [exthost] [info] ExtensionService#_doActivateExtension vscode.merge-conflict {"startup":true,"activationEvent":"*"}
[2019-05-12 04:36:07.882] [exthost] [info] ExtensionService#loadCommonJSModule /snap/code/6/usr/share/code/resources/app/extensions/merge-conflict/dist/extension
[2019-05-12 04:36:07.894] [exthost] [info] ExtensionService#_doActivateExtension formulahendry.terminal {"startup":true,"activationEvent":"*"}
[2019-05-12 04:36:07.894] [exthost] [info] ExtensionService#loadCommonJSModule /home/serge/.vscode/extensions/formulahendry.terminal-0.0.10/out/src/extension
[2019-05-12 04:36:07.913] [exthost] [info] ExtensionService#_doActivateExtension ritwickdey.LiveServer {"startup":true,"activationEvent":"*"}
[2019-05-12 04:36:07.913] [exthost] [info] ExtensionService#loadCommonJSModule /home/serge/.vscode/extensions/ritwickdey.liveserver-5.6.1/out/src/extension
[2019-05-12 04:36:08.588] [exthost] [info] eager extensions activated
[2019-05-12 04:36:17.795] [exthost] [info] ExtensionService#_doActivateExtension vscode.php-language-features {"startup":false,"activationEvent":"onLanguage:php"}
[2019-05-12 04:36:17.795] [exthost] [info] ExtensionService#loadCommonJSModule /snap/code/6/usr/share/code/resources/app/extensions/php-language-features/dist/phpMain
[2019-05-12 05:12:19.485] [exthost] [info] ExtensionService#_doActivateExtension vscode.html-language-features {"startup":false,"activationEvent":"onLanguage:html"}
[2019-05-12 05:12:19.485] [exthost] [info] ExtensionService#loadCommonJSModule /snap/code/6/usr/share/code/resources/app/extensions/html-language-features/client/dist/htmlMain
